
*** Running vivado
    with args -log top.vds -m64 -product Vivado -mode batch -messageDb vivado.pb -notrace -source top.tcl



****** Vivado v2025.2 (64-bit)
  **** SW Build 6299465 on Fri Nov 14 19:35:11 GMT 2025
  **** IP Build 6300035 on Fri Nov 14 10:48:45 MST 2025
  **** SharedData Build 6298862 on Thu Nov 13 04:50:51 MST 2025
  **** Start of session at: Mon May  4 15:45:51 2026
    ** Copyright 1986-2022 Xilinx, Inc. All Rights Reserved.
    ** Copyright 2022-2025 Advanced Micro Devices, Inc. All Rights Reserved.

source top.tcl -notrace
create_project: Time (s): cpu = 00:00:08 ; elapsed = 00:00:05 . Memory (MB): peak = 527.348 ; gain = 221.133
Command: synth_design -top top -part xc7z020clg400-1
Starting synth_design
Attempting to get a license for feature 'Synthesis' and/or device 'xc7z020'
INFO: [Common 17-349] Got license for feature 'Synthesis' and/or device 'xc7z020'
INFO: [Device 21-403] Loading part xc7z020clg400-1
INFO: [Synth 8-7079] Multithreading enabled for synth_design using a maximum of 2 processes.
INFO: [Synth 8-7078] Launching helper process for spawning children vivado processes
INFO: [Synth 8-7075] Helper process launched with PID 19256
---------------------------------------------------------------------------------
Starting RTL Elaboration : Time (s): cpu = 00:00:08 ; elapsed = 00:00:09 . Memory (MB): peak = 1313.711 ; gain = 539.594
---------------------------------------------------------------------------------
INFO: [Synth 8-6157] synthesizing module 'top' [D:/Programing/VerilogProject/miniRV32/cpu_stage6_vga/cpu_stage6_vga/cpu_stage6_vga.srcs/sources_1/new/top.v:3]
INFO: [Synth 8-6157] synthesizing module 'clk_wiz_2' [D:/Programing/VerilogProject/miniRV32/cpu_stage6_vga/cpu_stage6_vga/cpu_stage6_vga.runs/synth_1/.Xil/Vivado-34668-LAPTOP-L8B3PG7A/realtime/clk_wiz_2_stub.v:6]
INFO: [Synth 8-6155] done synthesizing module 'clk_wiz_2' (0#1) [D:/Programing/VerilogProject/miniRV32/cpu_stage6_vga/cpu_stage6_vga/cpu_stage6_vga.runs/synth_1/.Xil/Vivado-34668-LAPTOP-L8B3PG7A/realtime/clk_wiz_2_stub.v:6]
INFO: [Synth 8-6157] synthesizing module 'PC' [D:/Programing/VerilogProject/miniRV32/cpu_stage6_vga/cpu_stage6_vga/cpu_stage6_vga.srcs/sources_1/new/PC.v:1]
INFO: [Synth 8-6155] done synthesizing module 'PC' (0#1) [D:/Programing/VerilogProject/miniRV32/cpu_stage6_vga/cpu_stage6_vga/cpu_stage6_vga.srcs/sources_1/new/PC.v:1]
INFO: [Synth 8-6157] synthesizing module 'IMEM' [D:/Programing/VerilogProject/miniRV32/cpu_stage6_vga/cpu_stage6_vga/cpu_stage6_vga.srcs/sources_1/new/IMEM.v:1]
CRITICAL WARNING: [Synth 8-4445] could not open $readmem data file 'D:ProgramingVerilogProjectminiRV32cpu_stage6_vgainstr.hex'; please make sure the file is added to project and has read permission, ignoring [D:/Programing/VerilogProject/miniRV32/cpu_stage6_vga/cpu_stage6_vga/cpu_stage6_vga.srcs/sources_1/new/IMEM.v:14]
INFO: [Synth 8-6155] done synthesizing module 'IMEM' (0#1) [D:/Programing/VerilogProject/miniRV32/cpu_stage6_vga/cpu_stage6_vga/cpu_stage6_vga.srcs/sources_1/new/IMEM.v:1]
INFO: [Synth 8-6157] synthesizing module 'decoder_rv32' [D:/Programing/VerilogProject/miniRV32/cpu_stage6_vga/cpu_stage6_vga/cpu_stage6_vga.srcs/sources_1/new/decoder.v:3]
INFO: [Synth 8-6155] done synthesizing module 'decoder_rv32' (0#1) [D:/Programing/VerilogProject/miniRV32/cpu_stage6_vga/cpu_stage6_vga/cpu_stage6_vga.srcs/sources_1/new/decoder.v:3]
INFO: [Synth 8-6157] synthesizing module 'ImmGen' [D:/Programing/VerilogProject/miniRV32/cpu_stage6_vga/cpu_stage6_vga/cpu_stage6_vga.srcs/sources_1/new/ImmGen.v:3]
INFO: [Synth 8-6155] done synthesizing module 'ImmGen' (0#1) [D:/Programing/VerilogProject/miniRV32/cpu_stage6_vga/cpu_stage6_vga/cpu_stage6_vga.srcs/sources_1/new/ImmGen.v:3]
INFO: [Synth 8-6157] synthesizing module 'RegFile' [D:/Programing/VerilogProject/miniRV32/cpu_stage6_vga/cpu_stage6_vga/cpu_stage6_vga.srcs/sources_1/new/RegFile.v:3]
INFO: [Synth 8-6155] done synthesizing module 'RegFile' (0#1) [D:/Programing/VerilogProject/miniRV32/cpu_stage6_vga/cpu_stage6_vga/cpu_stage6_vga.srcs/sources_1/new/RegFile.v:3]
INFO: [Synth 8-6157] synthesizing module 'ALU_32' [D:/LogicDesignLab/Lab3/HA/HA.srcs/sources_1/new/ALU_8.v:1]
INFO: [Synth 8-6155] done synthesizing module 'ALU_32' (0#1) [D:/LogicDesignLab/Lab3/HA/HA.srcs/sources_1/new/ALU_8.v:1]
INFO: [Synth 8-6157] synthesizing module 'data_mem' [D:/Programing/VerilogProject/miniRV32/cpu_stage6_vga/cpu_stage6_vga/cpu_stage6_vga.srcs/sources_1/new/data_mem.v:1]
INFO: [Synth 8-6155] done synthesizing module 'data_mem' (0#1) [D:/Programing/VerilogProject/miniRV32/cpu_stage6_vga/cpu_stage6_vga/cpu_stage6_vga.srcs/sources_1/new/data_mem.v:1]
INFO: [Synth 8-6157] synthesizing module 'vram' [D:/Programing/VerilogProject/miniRV32/cpu_stage6_vga/cpu_stage6_vga/cpu_stage6_vga.srcs/sources_1/new/vram.v:1]
INFO: [Synth 8-6155] done synthesizing module 'vram' (0#1) [D:/Programing/VerilogProject/miniRV32/cpu_stage6_vga/cpu_stage6_vga/cpu_stage6_vga.srcs/sources_1/new/vram.v:1]
WARNING: [Synth 8-4446] all outputs are unconnected for this instance and logic may be removed [D:/Programing/VerilogProject/miniRV32/cpu_stage6_vga/cpu_stage6_vga/cpu_stage6_vga.srcs/sources_1/new/top.v:156]
INFO: [Synth 8-6157] synthesizing module 'display_timings' [D:/Programing/VerilogProject/miniRV32/lib/display_controller-main/rtl/display_timings.v:10]
	Parameter H_RES bound to: 640 - type: integer 
	Parameter V_RES bound to: 480 - type: integer 
INFO: [Synth 8-6155] done synthesizing module 'display_timings' (0#1) [D:/Programing/VerilogProject/miniRV32/lib/display_controller-main/rtl/display_timings.v:10]
ERROR: [Synth 8-11365] for the instance 'u_timings' of module 'display_timings' declared at 'D:/Programing/VerilogProject/miniRV32/lib/display_controller-main/rtl/display_timings.v:10', named port connection 'rst' does not exist [D:/Programing/VerilogProject/miniRV32/cpu_stage6_vga/cpu_stage6_vga/cpu_stage6_vga.srcs/sources_1/new/top.v:158]
ERROR: [Synth 8-11365] for the instance 'u_timings' of module 'display_timings' declared at 'D:/Programing/VerilogProject/miniRV32/lib/display_controller-main/rtl/display_timings.v:10', named port connection 'sx' does not exist [D:/Programing/VerilogProject/miniRV32/cpu_stage6_vga/cpu_stage6_vga/cpu_stage6_vga.srcs/sources_1/new/top.v:159]
ERROR: [Synth 8-11365] for the instance 'u_timings' of module 'display_timings' declared at 'D:/Programing/VerilogProject/miniRV32/lib/display_controller-main/rtl/display_timings.v:10', named port connection 'sy' does not exist [D:/Programing/VerilogProject/miniRV32/cpu_stage6_vga/cpu_stage6_vga/cpu_stage6_vga.srcs/sources_1/new/top.v:160]
ERROR: [Synth 8-11365] for the instance 'u_timings' of module 'display_timings' declared at 'D:/Programing/VerilogProject/miniRV32/lib/display_controller-main/rtl/display_timings.v:10', named port connection 'hsync' does not exist [D:/Programing/VerilogProject/miniRV32/cpu_stage6_vga/cpu_stage6_vga/cpu_stage6_vga.srcs/sources_1/new/top.v:161]
ERROR: [Synth 8-11365] for the instance 'u_timings' of module 'display_timings' declared at 'D:/Programing/VerilogProject/miniRV32/lib/display_controller-main/rtl/display_timings.v:10', named port connection 'vsync' does not exist [D:/Programing/VerilogProject/miniRV32/cpu_stage6_vga/cpu_stage6_vga/cpu_stage6_vga.srcs/sources_1/new/top.v:162]
ERROR: [Synth 8-11365] for the instance 'u_timings' of module 'display_timings' declared at 'D:/Programing/VerilogProject/miniRV32/lib/display_controller-main/rtl/display_timings.v:10', named port connection 'de' does not exist [D:/Programing/VerilogProject/miniRV32/cpu_stage6_vga/cpu_stage6_vga/cpu_stage6_vga.srcs/sources_1/new/top.v:163]
WARNING: [Synth 8-7071] port 'i_rst' of module 'display_timings' is unconnected for instance 'u_timings' [D:/Programing/VerilogProject/miniRV32/cpu_stage6_vga/cpu_stage6_vga/cpu_stage6_vga.srcs/sources_1/new/top.v:156]
WARNING: [Synth 8-7071] port 'o_hs' of module 'display_timings' is unconnected for instance 'u_timings' [D:/Programing/VerilogProject/miniRV32/cpu_stage6_vga/cpu_stage6_vga/cpu_stage6_vga.srcs/sources_1/new/top.v:156]
WARNING: [Synth 8-7071] port 'o_vs' of module 'display_timings' is unconnected for instance 'u_timings' [D:/Programing/VerilogProject/miniRV32/cpu_stage6_vga/cpu_stage6_vga/cpu_stage6_vga.srcs/sources_1/new/top.v:156]
WARNING: [Synth 8-7071] port 'o_de' of module 'display_timings' is unconnected for instance 'u_timings' [D:/Programing/VerilogProject/miniRV32/cpu_stage6_vga/cpu_stage6_vga/cpu_stage6_vga.srcs/sources_1/new/top.v:156]
WARNING: [Synth 8-7071] port 'o_frame' of module 'display_timings' is unconnected for instance 'u_timings' [D:/Programing/VerilogProject/miniRV32/cpu_stage6_vga/cpu_stage6_vga/cpu_stage6_vga.srcs/sources_1/new/top.v:156]
WARNING: [Synth 8-7071] port 'o_sx' of module 'display_timings' is unconnected for instance 'u_timings' [D:/Programing/VerilogProject/miniRV32/cpu_stage6_vga/cpu_stage6_vga/cpu_stage6_vga.srcs/sources_1/new/top.v:156]
WARNING: [Synth 8-7071] port 'o_sy' of module 'display_timings' is unconnected for instance 'u_timings' [D:/Programing/VerilogProject/miniRV32/cpu_stage6_vga/cpu_stage6_vga/cpu_stage6_vga.srcs/sources_1/new/top.v:156]
WARNING: [Synth 8-7023] instance 'u_timings' of module 'display_timings' has 8 connections declared, but only 1 given [D:/Programing/VerilogProject/miniRV32/cpu_stage6_vga/cpu_stage6_vga/cpu_stage6_vga.srcs/sources_1/new/top.v:156]
WARNING: [Synth 8-4446] all outputs are unconnected for this instance and logic may be removed [D:/Programing/VerilogProject/miniRV32/cpu_stage6_vga/cpu_stage6_vga/cpu_stage6_vga.srcs/sources_1/new/top.v:176]
INFO: [Synth 8-6157] synthesizing module 'dvi_generator' [D:/Programing/VerilogProject/miniRV32/lib/display_controller-main/rtl/dvi_generator.v:8]
INFO: [Synth 8-6157] synthesizing module 'tmds_encoder_dvi' [D:/Programing/VerilogProject/miniRV32/lib/display_controller-main/rtl/tmds_encoder_dvi.v:8]
ERROR: [Synth 8-6156] failed synthesizing module 'tmds_encoder_dvi' [D:/Programing/VerilogProject/miniRV32/lib/display_controller-main/rtl/tmds_encoder_dvi.v:8]
ERROR: [Synth 8-6156] failed synthesizing module 'dvi_generator' [D:/Programing/VerilogProject/miniRV32/lib/display_controller-main/rtl/dvi_generator.v:8]
ERROR: [Synth 8-6156] failed synthesizing module 'top' [D:/Programing/VerilogProject/miniRV32/cpu_stage6_vga/cpu_stage6_vga/cpu_stage6_vga.srcs/sources_1/new/top.v:3]
---------------------------------------------------------------------------------
Finished RTL Elaboration : Time (s): cpu = 00:00:10 ; elapsed = 00:00:12 . Memory (MB): peak = 1433.164 ; gain = 659.047
---------------------------------------------------------------------------------
RTL Elaboration failed
INFO: [Common 17-83] Releasing license: Synthesis
29 Infos, 10 Warnings, 1 Critical Warnings and 10 Errors encountered.
synth_design failed
synth_design: Time (s): cpu = 00:00:12 ; elapsed = 00:00:34 . Memory (MB): peak = 1433.164 ; gain = 889.930
ERROR: [Common 17-69] Command failed: Synthesis failed - please see the console or run log file for details
INFO: [Common 17-206] Exiting Vivado at Mon May  4 15:46:33 2026...
