INFO: [VRFC 10-2263] Analyzing Verilog file "D:/LogicDesignLab/Lab3/HA/HA.srcs/sources_1/new/ALU_8.v" into library xil_defaultlib
INFO: [VRFC 10-311] analyzing module ALU_8
INFO: [VRFC 10-2263] Analyzing Verilog file "D:/LogicDesignLab/Lab3/HA/HA.srcs/sources_1/new/Adder_8_OV.v" into library xil_defaultlib
INFO: [VRFC 10-311] analyzing module Adder_8_OV
INFO: [VRFC 10-2263] Analyzing Verilog file "D:/LogicDesignLab/Lab3/HA/HA.srcs/sources_1/new/FA.v" into library xil_defaultlib
INFO: [VRFC 10-311] analyzing module FA
INFO: [VRFC 10-2263] Analyzing Verilog file "D:/LogicDesignLab/Lab3/HA/HA.srcs/sources_1/new/HA.v" into library xil_defaultlib
INFO: [VRFC 10-311] analyzing module HA
INFO: [VRFC 10-2263] Analyzing Verilog file "D:/Programing/VerilogProject/miniRV32/cpu_stage2_top/cpu_stage2_top.srcs/sources_1/new/IMEM.v" into library xil_defaultlib
INFO: [VRFC 10-311] analyzing module IMEM
INFO: [VRFC 10-2263] Analyzing Verilog file "D:/Programing/VerilogProject/miniRV32/cpu_stage2_top/cpu_stage2_top.srcs/sources_1/new/PC.v" into library xil_defaultlib
INFO: [VRFC 10-311] analyzing module PC
INFO: [VRFC 10-2263] Analyzing Verilog file "D:/LogicDesignLab/Lab3/HA/HA.srcs/sources_1/new/PreOP.v" into library xil_defaultlib
INFO: [VRFC 10-311] analyzing module PreOp
INFO: [VRFC 10-2263] Analyzing Verilog file "D:/LogicDesignLab/Lab3/HA/HA.srcs/sources_1/new/RCA_4.v" into library xil_defaultlib
INFO: [VRFC 10-311] analyzing module RCA_4
INFO: [VRFC 10-2263] Analyzing Verilog file "D:/LogicDesignLab/Lab3/HA/HA.srcs/sources_1/new/RCA_8.v" into library xil_defaultlib
INFO: [VRFC 10-311] analyzing module RCA_8
INFO: [VRFC 10-2263] Analyzing Verilog file "D:/Programing/VerilogProject/miniRV32/cpu_stage2_top/cpu_stage2_top.srcs/sources_1/new/RegFile.v" into library xil_defaultlib
INFO: [VRFC 10-311] analyzing module RegFile
INFO: [VRFC 10-2263] Analyzing Verilog file "D:/LogicDesignLab/Lab3/HA/HA.srcs/sources_1/new/checkOV.v" into library xil_defaultlib
INFO: [VRFC 10-311] analyzing module checkOV
INFO: [VRFC 10-2263] Analyzing Verilog file "D:/Programing/VerilogProject/miniRV32/cpu_stage2_top/cpu_stage2_top.srcs/sources_1/new/decoder.v" into library xil_defaultlib
INFO: [VRFC 10-311] analyzing module decoder
INFO: [VRFC 10-2263] Analyzing Verilog file "D:/Programing/VerilogProject/miniRV32/cpu_stage2_top/cpu_stage2_top.srcs/sources_1/new/top.v" into library xil_defaultlib
INFO: [VRFC 10-311] analyzing module top
INFO: [VRFC 10-2263] Analyzing Verilog file "D:/Programing/VerilogProject/miniRV32/cpu_stage2_top/cpu_stage2_top.srcs/sim_1/new/top_tb.v" into library xil_defaultlib
INFO: [VRFC 10-311] analyzing module tb_top
