
*** Running vivado
    with args -log top.vds -m64 -product Vivado -mode batch -messageDb vivado.pb -notrace -source top.tcl



****** Vivado v2025.2 (64-bit)
  **** SW Build 6299465 on Fri Nov 14 19:35:11 GMT 2025
  **** IP Build 6300035 on Fri Nov 14 10:48:45 MST 2025
  **** SharedData Build 6298862 on Thu Nov 13 04:50:51 MST 2025
  **** Start of session at: Thu May  7 21:05:16 2026
    ** Copyright 1986-2022 Xilinx, Inc. All Rights Reserved.
    ** Copyright 2022-2025 Advanced Micro Devices, Inc. All Rights Reserved.

source top.tcl -notrace
create_project: Time (s): cpu = 00:00:13 ; elapsed = 00:00:08 . Memory (MB): peak = 525.809 ; gain = 219.895
Command: read_checkpoint -auto_incremental -incremental D:/Programing/VerilogProject/miniRV32/cpu_stage6_vga2/cpu_stage6_vga2/cpu_stage6_vga2.srcs/utils_1/imports/synth_1/top.dcp
INFO: [Vivado 12-5825] Read reference checkpoint from D:/Programing/VerilogProject/miniRV32/cpu_stage6_vga2/cpu_stage6_vga2/cpu_stage6_vga2.srcs/utils_1/imports/synth_1/top.dcp for incremental synthesis
INFO: [Vivado 12-7989] Please ensure there are no constraint changes
Command: synth_design -top top -part xc7z020clg400-1
Starting synth_design
Attempting to get a license for feature 'Synthesis' and/or device 'xc7z020'
INFO: [Common 17-349] Got license for feature 'Synthesis' and/or device 'xc7z020'
INFO: [Device 21-403] Loading part xc7z020clg400-1
INFO: [Designutils 20-5440] No compile time benefit to using incremental synthesis; A full resynthesis will be run
INFO: [Designutils 20-4379] Flow is switching to default flow due to incremental criteria not met. If you would like to alter this behaviour and have the flow terminate instead, please set the following parameter config_implementation {autoIncr.Synth.RejectBehavior Terminate}
INFO: [Synth 8-7079] Multithreading enabled for synth_design using a maximum of 2 processes.
INFO: [Synth 8-7078] Launching helper process for spawning children vivado processes
INFO: [Synth 8-7075] Helper process launched with PID 30932
---------------------------------------------------------------------------------
Starting RTL Elaboration : Time (s): cpu = 00:00:07 ; elapsed = 00:00:08 . Memory (MB): peak = 1316.430 ; gain = 540.863
---------------------------------------------------------------------------------
WARNING: [Synth 8-6901] identifier 'vga_active' is used before its declaration [D:/Programing/VerilogProject/miniRV32/cpu_stage6_vga2/cpu_stage6_vga2/cpu_stage6_vga2.srcs/sources_1/new/top.v:43]
WARNING: [Synth 8-6901] identifier 'pixel_data' is used before its declaration [D:/Programing/VerilogProject/miniRV32/cpu_stage6_vga2/cpu_stage6_vga2/cpu_stage6_vga2.srcs/sources_1/new/top.v:43]
INFO: [Synth 8-6157] synthesizing module 'top' [D:/Programing/VerilogProject/miniRV32/cpu_stage6_vga2/cpu_stage6_vga2/cpu_stage6_vga2.srcs/sources_1/new/top.v:1]
INFO: [Synth 8-6157] synthesizing module 'clk_wiz_0' [D:/Programing/VerilogProject/miniRV32/cpu_stage6_vga2/cpu_stage6_vga2/cpu_stage6_vga2.runs/synth_1/.Xil/Vivado-320-LAPTOP-L8B3PG7A/realtime/clk_wiz_0_stub.v:6]
INFO: [Synth 8-6155] done synthesizing module 'clk_wiz_0' (0#1) [D:/Programing/VerilogProject/miniRV32/cpu_stage6_vga2/cpu_stage6_vga2/cpu_stage6_vga2.runs/synth_1/.Xil/Vivado-320-LAPTOP-L8B3PG7A/realtime/clk_wiz_0_stub.v:6]
WARNING: [Synth 8-4446] all outputs are unconnected for this instance and logic may be removed [D:/Programing/VerilogProject/miniRV32/cpu_stage6_vga2/cpu_stage6_vga2/cpu_stage6_vga2.srcs/sources_1/new/top.v:45]
INFO: [Synth 8-6157] synthesizing module 'dvi_generator' [C:/Users/user/Downloads/dvi_generator.v:8]
INFO: [Synth 8-6157] synthesizing module 'tmds_encoder_dvi' [C:/Users/user/Downloads/tmds_encoder_dvi.v:8]
INFO: [Synth 8-6155] done synthesizing module 'tmds_encoder_dvi' (0#1) [C:/Users/user/Downloads/tmds_encoder_dvi.v:8]
INFO: [Synth 8-6157] synthesizing module 'async_reset' [C:/Users/user/Downloads/async_reset.v:8]
INFO: [Synth 8-6155] done synthesizing module 'async_reset' (0#1) [C:/Users/user/Downloads/async_reset.v:8]
INFO: [Synth 8-6157] synthesizing module 'serializer_10to1' [C:/Users/user/Downloads/serializer_10to1.v:8]
INFO: [Synth 8-6157] synthesizing module 'OSERDESE2' [D:/Applications/AMD_Vivado/2025.2/Vivado/scripts/rt/data/unisim_comp.v:117832]
	Parameter DATA_RATE_OQ bound to: DDR - type: string 
	Parameter DATA_RATE_TQ bound to: SDR - type: string 
	Parameter DATA_WIDTH bound to: 10 - type: integer 
	Parameter INIT_OQ bound to: 1'b1 
	Parameter INIT_TQ bound to: 1'b1 
	Parameter SERDES_MODE bound to: MASTER - type: string 
	Parameter SRVAL_OQ bound to: 1'b0 
	Parameter SRVAL_TQ bound to: 1'b0 
	Parameter TBYTE_CTL bound to: FALSE - type: string 
	Parameter TBYTE_SRC bound to: FALSE - type: string 
	Parameter TRISTATE_WIDTH bound to: 1 - type: integer 
INFO: [Synth 8-6155] done synthesizing module 'OSERDESE2' (0#1) [D:/Applications/AMD_Vivado/2025.2/Vivado/scripts/rt/data/unisim_comp.v:117832]
INFO: [Synth 8-6157] synthesizing module 'OSERDESE2__parameterized0' [D:/Applications/AMD_Vivado/2025.2/Vivado/scripts/rt/data/unisim_comp.v:117832]
	Parameter DATA_RATE_OQ bound to: DDR - type: string 
	Parameter DATA_RATE_TQ bound to: SDR - type: string 
	Parameter DATA_WIDTH bound to: 10 - type: integer 
	Parameter INIT_OQ bound to: 1'b1 
	Parameter INIT_TQ bound to: 1'b1 
	Parameter SERDES_MODE bound to: SLAVE - type: string 
	Parameter SRVAL_OQ bound to: 1'b0 
	Parameter SRVAL_TQ bound to: 1'b0 
	Parameter TBYTE_CTL bound to: FALSE - type: string 
	Parameter TBYTE_SRC bound to: FALSE - type: string 
	Parameter TRISTATE_WIDTH bound to: 1 - type: integer 
INFO: [Synth 8-6155] done synthesizing module 'OSERDESE2__parameterized0' (0#1) [D:/Applications/AMD_Vivado/2025.2/Vivado/scripts/rt/data/unisim_comp.v:117832]
INFO: [Synth 8-6155] done synthesizing module 'serializer_10to1' (0#1) [C:/Users/user/Downloads/serializer_10to1.v:8]
INFO: [Synth 8-6155] done synthesizing module 'dvi_generator' (0#1) [C:/Users/user/Downloads/dvi_generator.v:8]
ERROR: [Synth 8-11365] for the instance 'u_hdmi' of module 'dvi_generator' declared at 'C:/Users/user/Downloads/dvi_generator.v:8', named port connection 'clk_pix' does not exist [D:/Programing/VerilogProject/miniRV32/cpu_stage6_vga2/cpu_stage6_vga2/cpu_stage6_vga2.srcs/sources_1/new/top.v:46]
ERROR: [Synth 8-11365] for the instance 'u_hdmi' of module 'dvi_generator' declared at 'C:/Users/user/Downloads/dvi_generator.v:8', named port connection 'clk_pix_5x' does not exist [D:/Programing/VerilogProject/miniRV32/cpu_stage6_vga2/cpu_stage6_vga2/cpu_stage6_vga2.srcs/sources_1/new/top.v:47]
ERROR: [Synth 8-11365] for the instance 'u_hdmi' of module 'dvi_generator' declared at 'C:/Users/user/Downloads/dvi_generator.v:8', named port connection 'rst' does not exist [D:/Programing/VerilogProject/miniRV32/cpu_stage6_vga2/cpu_stage6_vga2/cpu_stage6_vga2.srcs/sources_1/new/top.v:48]
ERROR: [Synth 8-11365] for the instance 'u_hdmi' of module 'dvi_generator' declared at 'C:/Users/user/Downloads/dvi_generator.v:8', named port connection 'de' does not exist [D:/Programing/VerilogProject/miniRV32/cpu_stage6_vga2/cpu_stage6_vga2/cpu_stage6_vga2.srcs/sources_1/new/top.v:49]
ERROR: [Synth 8-11365] for the instance 'u_hdmi' of module 'dvi_generator' declared at 'C:/Users/user/Downloads/dvi_generator.v:8', named port connection 'data_r' does not exist [D:/Programing/VerilogProject/miniRV32/cpu_stage6_vga2/cpu_stage6_vga2/cpu_stage6_vga2.srcs/sources_1/new/top.v:50]
ERROR: [Synth 8-11365] for the instance 'u_hdmi' of module 'dvi_generator' declared at 'C:/Users/user/Downloads/dvi_generator.v:8', named port connection 'data_g' does not exist [D:/Programing/VerilogProject/miniRV32/cpu_stage6_vga2/cpu_stage6_vga2/cpu_stage6_vga2.srcs/sources_1/new/top.v:51]
ERROR: [Synth 8-11365] for the instance 'u_hdmi' of module 'dvi_generator' declared at 'C:/Users/user/Downloads/dvi_generator.v:8', named port connection 'data_b' does not exist [D:/Programing/VerilogProject/miniRV32/cpu_stage6_vga2/cpu_stage6_vga2/cpu_stage6_vga2.srcs/sources_1/new/top.v:52]
ERROR: [Synth 8-11365] for the instance 'u_hdmi' of module 'dvi_generator' declared at 'C:/Users/user/Downloads/dvi_generator.v:8', named port connection 'ctrl_hsync' does not exist [D:/Programing/VerilogProject/miniRV32/cpu_stage6_vga2/cpu_stage6_vga2/cpu_stage6_vga2.srcs/sources_1/new/top.v:53]
ERROR: [Synth 8-11365] for the instance 'u_hdmi' of module 'dvi_generator' declared at 'C:/Users/user/Downloads/dvi_generator.v:8', named port connection 'ctrl_vsync' does not exist [D:/Programing/VerilogProject/miniRV32/cpu_stage6_vga2/cpu_stage6_vga2/cpu_stage6_vga2.srcs/sources_1/new/top.v:54]
ERROR: [Synth 8-11365] for the instance 'u_hdmi' of module 'dvi_generator' declared at 'C:/Users/user/Downloads/dvi_generator.v:8', named port connection 'tmds_clk_p' does not exist [D:/Programing/VerilogProject/miniRV32/cpu_stage6_vga2/cpu_stage6_vga2/cpu_stage6_vga2.srcs/sources_1/new/top.v:55]
ERROR: [Synth 8-11365] for the instance 'u_hdmi' of module 'dvi_generator' declared at 'C:/Users/user/Downloads/dvi_generator.v:8', named port connection 'tmds_clk_n' does not exist [D:/Programing/VerilogProject/miniRV32/cpu_stage6_vga2/cpu_stage6_vga2/cpu_stage6_vga2.srcs/sources_1/new/top.v:56]
ERROR: [Synth 8-11365] for the instance 'u_hdmi' of module 'dvi_generator' declared at 'C:/Users/user/Downloads/dvi_generator.v:8', named port connection 'tmds_data_p' does not exist [D:/Programing/VerilogProject/miniRV32/cpu_stage6_vga2/cpu_stage6_vga2/cpu_stage6_vga2.srcs/sources_1/new/top.v:57]
ERROR: [Synth 8-11365] for the instance 'u_hdmi' of module 'dvi_generator' declared at 'C:/Users/user/Downloads/dvi_generator.v:8', named port connection 'tmds_data_n' does not exist [D:/Programing/VerilogProject/miniRV32/cpu_stage6_vga2/cpu_stage6_vga2/cpu_stage6_vga2.srcs/sources_1/new/top.v:58]
WARNING: [Synth 8-7071] port 'i_pix_clk' of module 'dvi_generator' is unconnected for instance 'u_hdmi' [D:/Programing/VerilogProject/miniRV32/cpu_stage6_vga2/cpu_stage6_vga2/cpu_stage6_vga2.srcs/sources_1/new/top.v:45]
WARNING: [Synth 8-7071] port 'i_pix_clk_5x' of module 'dvi_generator' is unconnected for instance 'u_hdmi' [D:/Programing/VerilogProject/miniRV32/cpu_stage6_vga2/cpu_stage6_vga2/cpu_stage6_vga2.srcs/sources_1/new/top.v:45]
WARNING: [Synth 8-7071] port 'i_rst' of module 'dvi_generator' is unconnected for instance 'u_hdmi' [D:/Programing/VerilogProject/miniRV32/cpu_stage6_vga2/cpu_stage6_vga2/cpu_stage6_vga2.srcs/sources_1/new/top.v:45]
WARNING: [Synth 8-7071] port 'i_de' of module 'dvi_generator' is unconnected for instance 'u_hdmi' [D:/Programing/VerilogProject/miniRV32/cpu_stage6_vga2/cpu_stage6_vga2/cpu_stage6_vga2.srcs/sources_1/new/top.v:45]
WARNING: [Synth 8-7071] port 'i_data_ch0' of module 'dvi_generator' is unconnected for instance 'u_hdmi' [D:/Programing/VerilogProject/miniRV32/cpu_stage6_vga2/cpu_stage6_vga2/cpu_stage6_vga2.srcs/sources_1/new/top.v:45]
WARNING: [Synth 8-7071] port 'i_data_ch1' of module 'dvi_generator' is unconnected for instance 'u_hdmi' [D:/Programing/VerilogProject/miniRV32/cpu_stage6_vga2/cpu_stage6_vga2/cpu_stage6_vga2.srcs/sources_1/new/top.v:45]
WARNING: [Synth 8-7071] port 'i_data_ch2' of module 'dvi_generator' is unconnected for instance 'u_hdmi' [D:/Programing/VerilogProject/miniRV32/cpu_stage6_vga2/cpu_stage6_vga2/cpu_stage6_vga2.srcs/sources_1/new/top.v:45]
WARNING: [Synth 8-7071] port 'i_ctrl_ch0' of module 'dvi_generator' is unconnected for instance 'u_hdmi' [D:/Programing/VerilogProject/miniRV32/cpu_stage6_vga2/cpu_stage6_vga2/cpu_stage6_vga2.srcs/sources_1/new/top.v:45]
WARNING: [Synth 8-7071] port 'i_ctrl_ch1' of module 'dvi_generator' is unconnected for instance 'u_hdmi' [D:/Programing/VerilogProject/miniRV32/cpu_stage6_vga2/cpu_stage6_vga2/cpu_stage6_vga2.srcs/sources_1/new/top.v:45]
WARNING: [Synth 8-7071] port 'i_ctrl_ch2' of module 'dvi_generator' is unconnected for instance 'u_hdmi' [D:/Programing/VerilogProject/miniRV32/cpu_stage6_vga2/cpu_stage6_vga2/cpu_stage6_vga2.srcs/sources_1/new/top.v:45]
WARNING: [Synth 8-7071] port 'o_tmds_ch0_serial' of module 'dvi_generator' is unconnected for instance 'u_hdmi' [D:/Programing/VerilogProject/miniRV32/cpu_stage6_vga2/cpu_stage6_vga2/cpu_stage6_vga2.srcs/sources_1/new/top.v:45]
WARNING: [Synth 8-7071] port 'o_tmds_ch1_serial' of module 'dvi_generator' is unconnected for instance 'u_hdmi' [D:/Programing/VerilogProject/miniRV32/cpu_stage6_vga2/cpu_stage6_vga2/cpu_stage6_vga2.srcs/sources_1/new/top.v:45]
WARNING: [Synth 8-7071] port 'o_tmds_ch2_serial' of module 'dvi_generator' is unconnected for instance 'u_hdmi' [D:/Programing/VerilogProject/miniRV32/cpu_stage6_vga2/cpu_stage6_vga2/cpu_stage6_vga2.srcs/sources_1/new/top.v:45]
WARNING: [Synth 8-7071] port 'o_tmds_chc_serial' of module 'dvi_generator' is unconnected for instance 'u_hdmi' [D:/Programing/VerilogProject/miniRV32/cpu_stage6_vga2/cpu_stage6_vga2/cpu_stage6_vga2.srcs/sources_1/new/top.v:45]
WARNING: [Synth 8-7023] instance 'u_hdmi' of module 'dvi_generator' has 14 connections declared, but only 0 given [D:/Programing/VerilogProject/miniRV32/cpu_stage6_vga2/cpu_stage6_vga2/cpu_stage6_vga2.srcs/sources_1/new/top.v:45]
INFO: [Synth 8-6157] synthesizing module 'vga_timing' [D:/Programing/VerilogProject/miniRV32/cpu_stage6_vga2/cpu_stage6_vga2/cpu_stage6_vga2.srcs/sources_1/new/vga_timing.v:1]
ERROR: [Synth 8-6156] failed synthesizing module 'vga_timing' [D:/Programing/VerilogProject/miniRV32/cpu_stage6_vga2/cpu_stage6_vga2/cpu_stage6_vga2.srcs/sources_1/new/vga_timing.v:1]
ERROR: [Synth 8-6156] failed synthesizing module 'top' [D:/Programing/VerilogProject/miniRV32/cpu_stage6_vga2/cpu_stage6_vga2/cpu_stage6_vga2.srcs/sources_1/new/top.v:1]
---------------------------------------------------------------------------------
Finished RTL Elaboration : Time (s): cpu = 00:00:09 ; elapsed = 00:00:10 . Memory (MB): peak = 1437.539 ; gain = 661.973
---------------------------------------------------------------------------------
RTL Elaboration failed
INFO: [Common 17-83] Releasing license: Synthesis
26 Infos, 18 Warnings, 0 Critical Warnings and 16 Errors encountered.
synth_design failed
synth_design: Time (s): cpu = 00:00:12 ; elapsed = 00:00:15 . Memory (MB): peak = 1437.539 ; gain = 893.000
ERROR: [Common 17-69] Command failed: Synthesis failed - please see the console or run log file for details
INFO: [Common 17-206] Exiting Vivado at Thu May  7 21:05:45 2026...
