Time resolution is 1 ps
Time:13000 | PC: 0 | Instr:0010001000000101
         | ALU_Out:  5 | Final_WD:  5
---------------------------------------------------------
=========================================================
  Start Simulation
=========================================================
Time:20000 | PC: 1 | Instr:0010010000000101
         | ALU_Out:  5 | Final_WD:  5
---------------------------------------------------------
Time:30000 | PC: 2 | Instr:1000000001000000
         | ALU_Out:  0 | Final_WD:  0
---------------------------------------------------------
Time:40000 | PC: 0 | Instr:0010001000000101
         | ALU_Out:  5 | Final_WD:  5
---------------------------------------------------------
Time:50000 | PC: 1 | Instr:0010010000000101
         | ALU_Out:  5 | Final_WD:  5
---------------------------------------------------------
Time:60000 | PC: 2 | Instr:1000000001000000
         | ALU_Out:  0 | Final_WD:  0
---------------------------------------------------------
Time:70000 | PC: 0 | Instr:0010001000000101
         | ALU_Out:  5 | Final_WD:  5
---------------------------------------------------------
Time:80000 | PC: 1 | Instr:0010010000000101
         | ALU_Out:  5 | Final_WD:  5
---------------------------------------------------------
Time:90000 | PC: 2 | Instr:1000000001000000
         | ALU_Out:  0 | Final_WD:  0
---------------------------------------------------------
Time:100000 | PC: 0 | Instr:0010001000000101
         | ALU_Out:  5 | Final_WD:  5
---------------------------------------------------------
Time:110000 | PC: 1 | Instr:0010010000000101
         | ALU_Out:  5 | Final_WD:  5
---------------------------------------------------------
Done Simulation
$finish called at time : 130 ns : File "D:/Programing/VerilogProject/miniRV32/cpu_stage4/cpu_stage4.srcs/sim_1/new/top_tb.v" Line 53
